TN:
SF:src/core/engine.ts
FN:69,(anonymous_0)
FN:105,(anonymous_1)
FN:113,(anonymous_2)
FN:134,(anonymous_3)
FN:169,(anonymous_4)
FN:193,(anonymous_5)
FN:217,(anonymous_6)
FN:237,(anonymous_7)
FN:249,(anonymous_8)
FN:268,(anonymous_9)
FN:272,(anonymous_10)
FN:276,(anonymous_11)
FN:281,(anonymous_12)
FN:293,(anonymous_13)
FN:316,(anonymous_14)
FN:322,(anonymous_15)
FN:377,(anonymous_16)
FN:393,(anonymous_17)
FN:409,(anonymous_18)
FN:425,(anonymous_19)
FN:470,(anonymous_20)
FN:482,(anonymous_21)
FN:518,(anonymous_22)
FN:522,(anonymous_23)
FN:526,(anonymous_24)
FN:539,(anonymous_25)
FN:587,(anonymous_26)
FN:598,(anonymous_27)
FN:615,(anonymous_28)
FN:661,(anonymous_29)
FN:675,(anonymous_30)
FN:690,(anonymous_31)
FN:761,(anonymous_32)
FNF:33
FNH:0
FNDA:0,(anonymous_0)
FNDA:0,(anonymous_1)
FNDA:0,(anonymous_2)
FNDA:0,(anonymous_3)
FNDA:0,(anonymous_4)
FNDA:0,(anonymous_5)
FNDA:0,(anonymous_6)
FNDA:0,(anonymous_7)
FNDA:0,(anonymous_8)
FNDA:0,(anonymous_9)
FNDA:0,(anonymous_10)
FNDA:0,(anonymous_11)
FNDA:0,(anonymous_12)
FNDA:0,(anonymous_13)
FNDA:0,(anonymous_14)
FNDA:0,(anonymous_15)
FNDA:0,(anonymous_16)
FNDA:0,(anonymous_17)
FNDA:0,(anonymous_18)
FNDA:0,(anonymous_19)
FNDA:0,(anonymous_20)
FNDA:0,(anonymous_21)
FNDA:0,(anonymous_22)
FNDA:0,(anonymous_23)
FNDA:0,(anonymous_24)
FNDA:0,(anonymous_25)
FNDA:0,(anonymous_26)
FNDA:0,(anonymous_27)
FNDA:0,(anonymous_28)
FNDA:0,(anonymous_29)
FNDA:0,(anonymous_30)
FNDA:0,(anonymous_31)
FNDA:0,(anonymous_32)
DA:74,0
DA:75,0
DA:76,0
DA:77,0
DA:78,0
DA:79,0
DA:82,0
DA:87,0
DA:90,0
DA:95,0
DA:96,0
DA:100,0
DA:107,0
DA:108,0
DA:117,0
DA:118,0
DA:121,0
DA:122,0
DA:123,0
DA:126,0
DA:127,0
DA:130,0
DA:131,0
DA:138,0
DA:139,0
DA:142,0
DA:143,0
DA:144,0
DA:146,0
DA:147,0
DA:151,0
DA:152,0
DA:156,0
DA:157,0
DA:158,0
DA:162,0
DA:163,0
DA:165,0
DA:166,0
DA:173,0
DA:174,0
DA:177,0
DA:178,0
DA:181,0
DA:182,0
DA:185,0
DA:189,0
DA:190,0
DA:194,0
DA:195,0
DA:198,0
DA:199,0
DA:200,0
DA:203,0
DA:204,0
DA:208,0
DA:209,0
DA:210,0
DA:213,0
DA:218,0
DA:219,0
DA:222,0
DA:223,0
DA:226,0
DA:234,0
DA:238,0
DA:239,0
DA:242,0
DA:243,0
DA:246,0
DA:250,0
DA:251,0
DA:254,0
DA:255,0
DA:259,0
DA:260,0
DA:261,0
DA:264,0
DA:269,0
DA:273,0
DA:277,0
DA:282,0
DA:283,0
DA:284,0
DA:286,0
DA:288,0
DA:294,0
DA:295,0
DA:302,0
DA:303,0
DA:306,0
DA:307,0
DA:311,0
DA:312,0
DA:317,0
DA:318,0
DA:323,0
DA:324,0
DA:327,0
DA:328,0
DA:329,0
DA:332,0
DA:333,0
DA:337,0
DA:339,0
DA:340,0
DA:342,0
DA:357,0
DA:360,0
DA:374,0
DA:378,0
DA:379,0
DA:382,0
DA:383,0
DA:386,0
DA:387,0
DA:390,0
DA:394,0
DA:395,0
DA:398,0
DA:399,0
DA:402,0
DA:403,0
DA:406,0
DA:410,0
DA:411,0
DA:414,0
DA:415,0
DA:418,0
DA:419,0
DA:422,0
DA:426,0
DA:427,0
DA:430,0
DA:431,0
DA:432,0
DA:433,0
DA:436,0
DA:437,0
DA:440,0
DA:441,0
DA:442,0
DA:445,0
DA:450,0
DA:453,0
DA:467,0
DA:471,0
DA:472,0
DA:475,0
DA:476,0
DA:479,0
DA:483,0
DA:484,0
DA:487,0
DA:488,0
DA:491,0
DA:492,0
DA:495,0
DA:496,0
DA:497,0
DA:500,0
DA:503,0
DA:519,0
DA:523,0
DA:527,0
DA:529,0
DA:531,0
DA:533,0
DA:535,0
DA:541,0
DA:548,0
DA:549,0
DA:553,0
DA:554,0
DA:558,0
DA:559,0
DA:562,0
DA:563,0
DA:567,0
DA:568,0
DA:572,0
DA:573,0
DA:574,0
DA:575,0
DA:577,0
DA:579,0
DA:580,0
DA:583,0
DA:588,0
DA:595,0
DA:599,0
DA:601,0
DA:602,0
DA:605,0
DA:616,0
DA:618,0
DA:619,0
DA:620,0
DA:624,0
DA:625,0
DA:626,0
DA:630,0
DA:633,0
DA:636,0
DA:650,0
DA:651,0
DA:656,0
DA:657,0
DA:664,0
DA:665,0
DA:668,0
DA:669,0
DA:672,0
DA:676,0
DA:677,0
DA:678,0
DA:680,0
DA:691,0
DA:692,0
DA:695,0
DA:696,0
DA:700,0
DA:701,0
DA:702,0
DA:704,0
DA:708,0
DA:709,0
DA:711,0
DA:715,0
DA:731,0
DA:732,0
DA:733,0
DA:734,0
DA:737,0
DA:738,0
DA:739,0
DA:740,0
DA:741,0
DA:742,0
DA:743,0
DA:744,0
DA:745,0
DA:746,0
DA:747,0
DA:748,0
DA:749,0
DA:752,0
DA:754,0
DA:757,0
DA:762,0
DA:763,0
LF:251
LH:0
BRDA:72,0,0,0
BRDA:76,1,0,0
BRDA:76,1,1,0
BRDA:77,2,0,0
BRDA:77,2,1,0
BRDA:78,3,0,0
BRDA:78,3,1,0
BRDA:79,4,0,0
BRDA:79,4,1,0
BRDA:79,4,2,0
BRDA:82,5,0,0
BRDA:82,5,1,0
BRDA:82,5,2,0
BRDA:90,6,0,0
BRDA:90,6,1,0
BRDA:92,7,0,0
BRDA:92,7,1,0
BRDA:95,8,0,0
BRDA:95,9,0,0
BRDA:95,9,1,0
BRDA:97,10,0,0
BRDA:97,10,1,0
BRDA:98,11,0,0
BRDA:98,11,1,0
BRDA:100,12,0,0
BRDA:100,12,1,0
BRDA:107,13,0,0
BRDA:117,14,0,0
BRDA:121,15,0,0
BRDA:126,16,0,0
BRDA:138,17,0,0
BRDA:142,18,0,0
BRDA:146,19,0,0
BRDA:151,20,0,0
BRDA:157,21,0,0
BRDA:162,22,0,0
BRDA:162,22,1,0
BRDA:173,23,0,0
BRDA:177,24,0,0
BRDA:181,25,0,0
BRDA:185,26,0,0
BRDA:185,26,1,0
BRDA:194,27,0,0
BRDA:198,28,0,0
BRDA:203,29,0,0
BRDA:209,30,0,0
BRDA:218,31,0,0
BRDA:222,32,0,0
BRDA:238,33,0,0
BRDA:242,34,0,0
BRDA:250,35,0,0
BRDA:254,36,0,0
BRDA:260,37,0,0
BRDA:286,38,0,0
BRDA:286,38,1,0
BRDA:302,39,0,0
BRDA:306,40,0,0
BRDA:311,41,0,0
BRDA:318,42,0,0
BRDA:318,42,1,0
BRDA:323,43,0,0
BRDA:327,44,0,0
BRDA:332,45,0,0
BRDA:349,46,0,0
BRDA:349,46,1,0
BRDA:350,47,0,0
BRDA:350,47,1,0
BRDA:352,48,0,0
BRDA:352,48,1,0
BRDA:370,49,0,0
BRDA:370,49,1,0
BRDA:378,50,0,0
BRDA:382,51,0,0
BRDA:386,52,0,0
BRDA:394,53,0,0
BRDA:398,54,0,0
BRDA:402,55,0,0
BRDA:410,56,0,0
BRDA:414,57,0,0
BRDA:418,58,0,0
BRDA:426,59,0,0
BRDA:430,60,0,0
BRDA:432,61,0,0
BRDA:433,62,0,0
BRDA:436,63,0,0
BRDA:441,64,0,0
BRDA:463,65,0,0
BRDA:463,65,1,0
BRDA:471,66,0,0
BRDA:475,67,0,0
BRDA:483,68,0,0
BRDA:487,69,0,0
BRDA:491,70,0,0
BRDA:496,71,0,0
BRDA:527,72,0,0
BRDA:527,72,1,0
BRDA:527,72,2,0
BRDA:527,72,3,0
BRDA:548,73,0,0
BRDA:553,74,0,0
BRDA:558,75,0,0
BRDA:562,76,0,0
BRDA:567,77,0,0
BRDA:579,78,0,0
BRDA:587,79,0,0
BRDA:601,80,0,0
BRDA:601,81,0,0
BRDA:601,81,1,0
BRDA:601,81,2,0
BRDA:601,81,3,0
BRDA:601,81,4,0
BRDA:610,82,0,0
BRDA:610,82,1,0
BRDA:611,83,0,0
BRDA:611,83,1,0
BRDA:619,84,0,0
BRDA:619,85,0,0
BRDA:619,85,1,0
BRDA:625,86,0,0
BRDA:656,87,0,0
BRDA:656,87,1,0
BRDA:668,88,0,0
BRDA:676,89,0,0
BRDA:676,89,1,0
BRDA:678,90,0,0
BRDA:680,91,0,0
BRDA:680,91,1,0
BRDA:695,92,0,0
BRDA:695,93,0,0
BRDA:695,93,1,0
BRDA:702,94,0,0
BRDA:708,95,0,0
BRDA:708,96,0,0
BRDA:708,96,1,0
BRDA:731,97,0,0
BRDA:738,98,0,0
BRDA:738,98,1,0
BRDA:748,99,0,0
BRDA:762,100,0,0
BRF:139
BRH:0
end_of_record
TN:
SF:src/crypto/adapter.ts
FN:54,detectCryptoAdapter
FN:70,isNodeEnvironment
FN:77,hasWebCrypto
FNF:3
FNH:0
FNDA:0,detectCryptoAdapter
FNDA:0,isNodeEnvironment
FNDA:0,hasWebCrypto
DA:55,0
DA:57,0
DA:58,0
DA:61,0
DA:62,0
DA:66,0
DA:67,0
DA:71,0
DA:78,0
LF:9
LH:0
BRDA:54,0,0,0
BRDA:55,1,0,0
BRDA:57,2,0,0
BRDA:57,3,0,0
BRDA:57,3,1,0
BRDA:57,3,2,0
BRDA:61,4,0,0
BRDA:61,5,0,0
BRDA:61,5,1,0
BRDA:61,5,2,0
BRDA:71,6,0,0
BRDA:71,6,1,0
BRDA:71,6,2,0
BRDA:71,6,3,0
BRDA:78,7,0,0
BRDA:78,7,1,0
BRF:16
BRH:0
end_of_record
TN:
SF:src/crypto/fallback-adapter.ts
FN:12,(anonymous_0)
FN:17,(anonymous_1)
FN:66,(anonymous_2)
FN:78,(anonymous_3)
FN:94,(anonymous_4)
FN:127,(anonymous_5)
FN:156,(anonymous_6)
FN:172,(anonymous_7)
FN:176,(anonymous_8)
FN:187,(anonymous_9)
FN:213,(anonymous_10)
FN:224,(anonymous_11)
FNF:12
FNH:0
FNDA:0,(anonymous_0)
FNDA:0,(anonymous_1)
FNDA:0,(anonymous_2)
FNDA:0,(anonymous_3)
FNDA:0,(anonymous_4)
FNDA:0,(anonymous_5)
FNDA:0,(anonymous_6)
FNDA:0,(anonymous_7)
FNDA:0,(anonymous_8)
FNDA:0,(anonymous_9)
FNDA:0,(anonymous_10)
FNDA:0,(anonymous_11)
DA:10,0
DA:13,0
DA:14,0
DA:18,0
DA:20,0
DA:21,0
DA:23,0
DA:24,0
DA:25,0
DA:26,0
DA:27,0
DA:28,0
DA:29,0
DA:30,0
DA:31,0
DA:32,0
DA:33,0
DA:34,0
DA:35,0
DA:36,0
DA:38,0
DA:39,0
DA:40,0
DA:41,0
DA:42,0
DA:43,0
DA:45,0
DA:48,0
DA:49,0
DA:50,0
DA:51,0
DA:52,0
DA:53,0
DA:54,0
DA:55,0
DA:57,0
DA:58,0
DA:59,0
DA:60,0
DA:63,0
DA:68,0
DA:69,0
DA:73,0
DA:74,0
DA:75,0
DA:79,0
DA:80,0
DA:81,0
DA:84,0
DA:85,0
DA:88,0
DA:90,0
DA:96,0
DA:97,0
DA:101,0
DA:102,0
DA:104,0
DA:109,0
DA:110,0
DA:111,0
DA:113,0
DA:117,0
DA:118,0
DA:119,0
DA:122,0
DA:124,0
DA:128,0
DA:129,0
DA:130,0
DA:131,0
DA:134,0
DA:135,0
DA:138,0
DA:139,0
DA:140,0
DA:143,0
DA:146,0
DA:147,0
DA:150,0
DA:152,0
DA:158,0
DA:159,0
DA:163,0
DA:164,0
DA:165,0
DA:166,0
DA:168,0
DA:173,0
DA:178,0
DA:179,0
DA:180,0
DA:181,0
DA:182,0
DA:184,0
DA:188,0
DA:189,0
DA:193,0
DA:194,0
DA:195,0
DA:197,0
DA:198,0
DA:199,0
DA:200,0
DA:202,0
DA:204,0
DA:205,0
DA:206,0
DA:207,0
DA:210,0
DA:214,0
DA:215,0
DA:216,0
DA:217,0
DA:221,0
DA:225,0
DA:226,0
DA:227,0
DA:230,0
DA:231,0
DA:233,0
DA:234,0
LF:121
LH:0
BRDA:12,0,0,0
BRDA:13,1,0,0
BRDA:13,1,1,0
BRDA:18,2,0,0
BRDA:21,3,0,0
BRDA:21,3,1,0
BRDA:38,4,0,0
BRDA:38,4,1,0
BRDA:42,5,0,0
BRDA:42,5,1,0
BRDA:57,6,0,0
BRDA:68,7,0,0
BRDA:80,8,0,0
BRDA:94,9,0,0
BRDA:96,10,0,0
BRDA:109,11,0,0
BRDA:110,12,0,0
BRDA:110,12,1,0
BRDA:130,13,0,0
BRDA:139,14,0,0
BRDA:146,15,0,0
BRDA:146,16,0,0
BRDA:146,16,1,0
BRDA:156,17,0,0
BRDA:158,18,0,0
BRDA:188,19,0,0
BRDA:199,20,0,0
BRDA:199,20,1,0
BRDA:200,21,0,0
BRDA:200,21,1,0
BRDA:206,22,0,0
BRDA:206,22,1,0
BRDA:207,23,0,0
BRDA:207,23,1,0
BRDA:214,24,0,0
BRDA:226,25,0,0
BRDA:234,26,0,0
BRDA:234,26,1,0
BRF:38
BRH:0
end_of_record
TN:
SF:src/crypto/node-adapter.ts
FN:14,(anonymous_0)
FN:27,(anonymous_1)
FN:35,(anonymous_2)
FN:44,(anonymous_3)
FN:58,(anonymous_4)
FN:68,(anonymous_5)
FNF:6
FNH:0
FNDA:0,(anonymous_0)
FNDA:0,(anonymous_1)
FNDA:0,(anonymous_2)
FNDA:0,(anonymous_3)
FNDA:0,(anonymous_4)
FNDA:0,(anonymous_5)
DA:15,0
DA:17,0
DA:19,0
DA:20,0
DA:21,0
DA:23,0
DA:28,0
DA:29,0
DA:31,0
DA:36,0
DA:37,0
DA:39,0
DA:40,0
DA:45,0
DA:46,0
DA:48,0
DA:49,0
DA:50,0
DA:52,0
DA:54,0
DA:59,0
DA:60,0
DA:61,0
DA:64,0
DA:69,0
LF:25
LH:0
BRDA:14,0,0,0
BRDA:15,1,0,0
BRDA:15,1,1,0
BRDA:31,2,0,0
BRDA:31,2,1,0
BRDA:39,3,0,0
BRDA:39,3,1,0
BRDA:44,4,0,0
BRDA:48,5,0,0
BRDA:49,6,0,0
BRDA:50,7,0,0
BRDA:54,8,0,0
BRDA:54,8,1,0
BRDA:68,9,0,0
BRF:14
BRH:0
end_of_record
TN:
SF:src/crypto/webcrypto-adapter.ts
FN:11,(anonymous_0)
FN:19,(anonymous_1)
FN:60,(anonymous_2)
FN:113,(anonymous_3)
FN:155,(anonymous_4)
FN:186,(anonymous_5)
FN:188,(anonymous_6)
FN:192,(anonymous_7)
FN:206,(anonymous_8)
FN:224,(anonymous_9)
FN:232,(anonymous_10)
FN:238,(anonymous_11)
FN:240,(anonymous_12)
FN:243,(anonymous_13)
FN:247,(anonymous_14)
FN:249,(anonymous_15)
FN:252,(anonymous_16)
FNF:17
FNH:0
FNDA:0,(anonymous_0)
FNDA:0,(anonymous_1)
FNDA:0,(anonymous_2)
FNDA:0,(anonymous_3)
FNDA:0,(anonymous_4)
FNDA:0,(anonymous_5)
FNDA:0,(anonymous_6)
FNDA:0,(anonymous_7)
FNDA:0,(anonymous_8)
FNDA:0,(anonymous_9)
FNDA:0,(anonymous_10)
FNDA:0,(anonymous_11)
FNDA:0,(anonymous_12)
FNDA:0,(anonymous_13)
FNDA:0,(anonymous_14)
FNDA:0,(anonymous_15)
FNDA:0,(anonymous_16)
DA:12,0
DA:14,0
DA:15,0
DA:20,0
DA:22,0
DA:25,0
DA:28,0
DA:37,0
DA:49,0
DA:50,0
DA:51,0
DA:54,0
DA:56,0
DA:61,0
DA:63,0
DA:66,0
DA:67,0
DA:70,0
DA:73,0
DA:82,0
DA:94,0
DA:97,0
DA:98,0
DA:101,0
DA:102,0
DA:103,0
DA:106,0
DA:108,0
DA:109,0
DA:114,0
DA:116,0
DA:122,0
DA:123,0
DA:129,0
DA:130,0
DA:132,0
DA:134,0
DA:138,0
DA:139,0
DA:142,0
DA:143,0
DA:146,0
DA:147,0
DA:149,0
DA:151,0
DA:156,0
DA:157,0
DA:158,0
DA:159,0
DA:162,0
DA:165,0
DA:166,0
DA:168,0
DA:169,0
DA:173,0
DA:176,0
DA:177,0
DA:180,0
DA:182,0
DA:187,0
DA:188,0
DA:193,0
DA:194,0
DA:202,0
DA:203,0
DA:207,0
DA:208,0
DA:209,0
DA:217,0
DA:218,0
DA:220,0
DA:225,0
DA:229,0
DA:233,0
DA:234,0
DA:235,0
DA:239,0
DA:240,0
DA:244,0
DA:248,0
DA:249,0
DA:253,0
DA:254,0
DA:255,0
DA:258,0
DA:259,0
DA:261,0
DA:269,0
LF:88
LH:0
BRDA:11,0,0,0
BRDA:12,1,0,0
BRDA:12,1,1,0
BRDA:14,2,0,0
BRDA:14,3,0,0
BRDA:14,3,1,0
BRDA:56,4,0,0
BRDA:56,4,1,0
BRDA:97,5,0,0
BRDA:108,6,0,0
BRDA:108,6,1,0
BRDA:113,7,0,0
BRDA:129,8,0,0
BRDA:130,9,0,0
BRDA:130,9,1,0
BRDA:138,10,0,0
BRDA:139,11,0,0
BRDA:151,12,0,0
BRDA:151,12,1,0
BRDA:158,13,0,0
BRDA:168,14,0,0
BRDA:176,15,0,0
BRDA:176,16,0,0
BRDA:176,16,1,0
BRDA:186,17,0,0
BRDA:225,18,0,0
BRDA:225,18,1,0
BRDA:254,19,0,0
BRF:28
BRH:0
end_of_record
TN:
SF:src/errors/index.ts
FN:2,(anonymous_0)
FN:12,(anonymous_1)
FN:24,(anonymous_2)
FN:29,(anonymous_3)
FN:38,(anonymous_4)
FN:45,(anonymous_5)
FN:52,(anonymous_6)
FN:59,(anonymous_7)
FNF:8
FNH:0
FNDA:0,(anonymous_0)
FNDA:0,(anonymous_1)
FNDA:0,(anonymous_2)
FNDA:0,(anonymous_3)
FNDA:0,(anonymous_4)
FNDA:0,(anonymous_5)
FNDA:0,(anonymous_6)
FNDA:0,(anonymous_7)
DA:4,0
DA:5,0
DA:7,0
DA:8,0
DA:9,0
DA:13,0
DA:24,0
DA:25,0
DA:26,0
DA:30,0
DA:39,0
DA:40,0
DA:46,0
DA:47,0
DA:53,0
DA:54,0
DA:60,0
DA:61,0
LF:18
LH:0
BRF:0
BRH:0
end_of_record
TN:
SF:src/fields/conditional.ts
FN:7,(anonymous_0)
FN:20,(anonymous_1)
FN:37,(anonymous_2)
FN:43,(anonymous_3)
FN:47,(anonymous_4)
FN:97,(anonymous_5)
FN:105,(anonymous_6)
FN:114,(anonymous_7)
FN:124,(anonymous_8)
FN:125,(anonymous_9)
FN:131,(anonymous_10)
FN:138,(anonymous_11)
FN:149,(anonymous_12)
FN:158,(anonymous_13)
FN:167,(anonymous_14)
FN:176,(anonymous_15)
FN:185,(anonymous_16)
FN:203,(anonymous_17)
FN:210,(anonymous_18)
FN:217,(anonymous_19)
FN:224,(anonymous_20)
FN:231,(anonymous_21)
FN:238,(anonymous_22)
FN:245,(anonymous_23)
FN:252,(anonymous_24)
FN:259,(anonymous_25)
FN:266,(anonymous_26)
FN:273,(anonymous_27)
FN:280,(anonymous_28)
FN:287,(anonymous_29)
FN:296,(anonymous_30)
FN:298,(anonymous_31)
FN:307,(anonymous_32)
FN:309,(anonymous_33)
FN:316,(anonymous_34)
FNF:35
FNH:33
FNDA:7,(anonymous_0)
FNDA:75,(anonymous_1)
FNDA:216,(anonymous_2)
FNDA:127,(anonymous_3)
FNDA:11,(anonymous_4)
FNDA:114,(anonymous_5)
FNDA:2,(anonymous_6)
FNDA:2,(anonymous_7)
FNDA:5,(anonymous_8)
FNDA:6,(anonymous_9)
FNDA:6,(anonymous_10)
FNDA:5,(anonymous_11)
FNDA:8,(anonymous_12)
FNDA:3,(anonymous_13)
FNDA:3,(anonymous_14)
FNDA:2,(anonymous_15)
FNDA:32,(anonymous_16)
FNDA:2082,(anonymous_17)
FNDA:2,(anonymous_18)
FNDA:1,(anonymous_19)
FNDA:5,(anonymous_20)
FNDA:1,(anonymous_21)
FNDA:57,(anonymous_22)
FNDA:6,(anonymous_23)
FNDA:1,(anonymous_24)
FNDA:3,(anonymous_25)
FNDA:0,(anonymous_26)
FNDA:1,(anonymous_27)
FNDA:0,(anonymous_28)
FNDA:15,(anonymous_29)
FNDA:2,(anonymous_30)
FNDA:3,(anonymous_31)
FNDA:2,(anonymous_32)
FNDA:2,(anonymous_33)
FNDA:1,(anonymous_34)
DA:6,4
DA:7,7
DA:8,7
DA:9,7
DA:16,4
DA:24,75
DA:25,75
DA:27,4
DA:42,216
DA:43,127
DA:46,152
DA:47,11
DA:50,143
DA:51,3
DA:55,140
DA:56,137
DA:58,137
DA:60,102
DA:63,2
DA:66,3
DA:69,2
DA:72,6
DA:75,5
DA:78,8
DA:81,3
DA:84,3
DA:87,2
DA:90,1
DA:99,114
DA:100,112
DA:103,112
DA:104,1
DA:105,2
DA:109,111
DA:110,1
DA:111,1
DA:113,1
DA:114,2
DA:118,110
DA:125,6
DA:132,6
DA:139,5
DA:140,5
DA:141,2
DA:142,1
DA:143,0
DA:150,8
DA:151,8
DA:152,8
DA:159,3
DA:160,3
DA:161,3
DA:168,3
DA:169,3
DA:170,3
DA:177,2
DA:178,2
DA:179,2
DA:186,32
DA:187,4
DA:188,2
DA:189,2
DA:191,2
DA:192,0
DA:199,4
DA:204,2082
DA:211,2
DA:218,1
DA:225,5
DA:232,1
DA:239,57
DA:246,6
DA:253,1
DA:260,3
DA:267,0
DA:274,1
DA:281,0
DA:288,15
DA:291,15
DA:292,6
DA:293,3
DA:294,1
DA:296,2
DA:297,2
DA:298,3
DA:303,6
DA:304,2
DA:305,1
DA:307,1
DA:308,2
DA:309,2
DA:314,6
DA:315,1
DA:316,1
DA:320,9
DA:321,4
DA:324,9
DA:325,9
DA:326,9
DA:328,9
DA:329,2
DA:332,9
DA:333,2
DA:334,2
DA:339,15
LF:105
LH:101
BRDA:28,0,0,4
BRDA:28,0,1,0
BRDA:42,1,0,64
BRDA:46,2,0,9
BRDA:50,3,0,3
BRDA:56,4,0,137
BRDA:56,4,1,1
BRDA:58,5,0,102
BRDA:58,5,1,2
BRDA:58,5,2,3
BRDA:58,5,3,2
BRDA:58,5,4,6
BRDA:58,5,5,5
BRDA:58,5,6,8
BRDA:58,5,7,3
BRDA:58,5,8,3
BRDA:58,5,9,2
BRDA:58,5,10,1
BRDA:99,6,0,2
BRDA:99,7,0,114
BRDA:99,7,1,2
BRDA:100,8,0,0
BRDA:100,9,0,112
BRDA:100,9,1,112
BRDA:103,10,0,1
BRDA:103,11,0,112
BRDA:103,11,1,1
BRDA:104,12,0,1
BRDA:104,12,1,1
BRDA:109,13,0,1
BRDA:109,14,0,111
BRDA:109,14,1,1
BRDA:113,15,0,1
BRDA:113,15,1,1
BRDA:124,16,0,0
BRDA:139,17,0,0
BRDA:140,18,0,3
BRDA:141,19,0,1
BRDA:142,20,0,1
BRDA:152,21,0,8
BRDA:152,21,1,7
BRDA:152,21,2,7
BRDA:161,22,0,3
BRDA:161,22,1,3
BRDA:161,22,2,3
BRDA:170,23,0,3
BRDA:170,23,1,3
BRDA:170,23,2,3
BRDA:179,24,0,2
BRDA:179,24,1,2
BRDA:179,24,2,2
BRDA:186,25,0,28
BRDA:187,26,0,2
BRDA:189,27,0,1
BRDA:189,27,1,1
BRDA:191,28,0,2
BRDA:291,29,0,6
BRDA:291,29,1,9
BRDA:291,30,0,15
BRDA:291,30,1,12
BRDA:291,30,2,10
BRDA:292,31,0,3
BRDA:293,32,0,1
BRDA:293,32,1,2
BRDA:293,33,0,3
BRDA:293,33,1,3
BRDA:303,34,0,2
BRDA:304,35,0,1
BRDA:304,35,1,1
BRDA:304,36,0,2
BRDA:304,36,1,2
BRDA:314,37,0,1
BRDA:320,38,0,4
BRDA:320,39,0,9
BRDA:320,39,1,5
BRDA:324,40,0,9
BRDA:324,40,1,0
BRDA:328,41,0,2
BRDA:328,42,0,9
BRDA:328,42,1,7
BRDA:332,43,0,2
BRDA:333,44,0,2
BRDA:333,45,0,2
BRDA:333,45,1,1
BRF:84
BRH:79
end_of_record
TN:
SF:src/fields/field-type.ts
FN:8,(anonymous_0)
FNF:1
FNH:1
FNDA:4,(anonymous_0)
DA:8,4
DA:9,4
DA:10,4
DA:11,4
DA:12,4
DA:13,4
DA:14,4
DA:15,4
DA:16,4
DA:17,4
DA:18,4
LF:11
LH:11
BRDA:8,0,0,4
BRDA:8,0,1,4
BRF:2
BRH:2
end_of_record
TN:
SF:src/fields/helpers.ts
FN:7,defineField
FN:21,defineType
FN:32,(anonymous_2)
FN:43,normalizeConditional
FN:48,(anonymous_4)
FN:58,(anonymous_5)
FN:84,(anonymous_6)
FN:99,(anonymous_7)
FN:114,(anonymous_8)
FN:136,(anonymous_9)
FN:147,(anonymous_10)
FN:162,(anonymous_11)
FN:167,(anonymous_12)
FN:189,(anonymous_13)
FN:198,(anonymous_14)
FN:202,(anonymous_15)
FN:213,(anonymous_16)
FN:230,(anonymous_17)
FN:231,(anonymous_18)
FN:232,(anonymous_19)
FN:233,(anonymous_20)
FN:236,(anonymous_21)
FN:237,(anonymous_22)
FN:238,(anonymous_23)
FN:240,(anonymous_24)
FN:241,(anonymous_25)
FN:242,(anonymous_26)
FN:247,(anonymous_27)
FN:248,(anonymous_28)
FN:260,(anonymous_29)
FN:265,(anonymous_30)
FN:270,(anonymous_31)
FN:275,(anonymous_32)
FN:280,(anonymous_33)
FN:285,(anonymous_34)
FN:290,(anonymous_35)
FN:295,(anonymous_36)
FN:300,(anonymous_37)
FN:305,(anonymous_38)
FN:313,rule
FNF:40
FNH:31
FNDA:2099,defineField
FNDA:12,defineType
FNDA:1042,(anonymous_2)
FNDA:8396,normalizeConditional
FNDA:5,(anonymous_4)
FNDA:21,(anonymous_5)
FNDA:8,(anonymous_6)
FNDA:3,(anonymous_7)
FNDA:9,(anonymous_8)
FNDA:3,(anonymous_9)
FNDA:6,(anonymous_10)
FNDA:20,(anonymous_11)
FNDA:16,(anonymous_12)
FNDA:131,(anonymous_13)
FNDA:108,(anonymous_14)
FNDA:6,(anonymous_15)
FNDA:65,(anonymous_16)
FNDA:1,(anonymous_17)
FNDA:0,(anonymous_18)
FNDA:0,(anonymous_19)
FNDA:0,(anonymous_20)
FNDA:1,(anonymous_21)
FNDA:1,(anonymous_22)
FNDA:0,(anonymous_23)
FNDA:0,(anonymous_24)
FNDA:0,(anonymous_25)
FNDA:0,(anonymous_26)
FNDA:0,(anonymous_27)
FNDA:0,(anonymous_28)
FNDA:15,(anonymous_29)
FNDA:1006,(anonymous_30)
FNDA:5,(anonymous_31)
FNDA:1,(anonymous_32)
FNDA:6,(anonymous_33)
FNDA:1,(anonymous_34)
FNDA:7,(anonymous_35)
FNDA:10,(anonymous_36)
FNDA:7,(anonymous_37)
FNDA:36,(anonymous_38)
FNDA:23,rule
DA:2,3
DA:7,3
DA:8,2099
DA:21,3
DA:29,12
DA:32,1042
DA:46,8396
DA:47,56
DA:48,23
DA:54,3
DA:60,21
DA:61,9
DA:65,12
DA:66,1
DA:70,11
DA:71,1
DA:74,10
DA:75,9
DA:78,1
DA:85,8
DA:86,6
DA:89,2
DA:90,1
DA:93,1
DA:100,3
DA:101,1
DA:104,2
DA:105,1
DA:108,1
DA:116,9
DA:117,3
DA:121,6
DA:122,1
DA:126,5
DA:127,4
DA:130,1
DA:137,3
DA:138,1
DA:141,2
DA:148,6
DA:163,20
DA:166,20
DA:167,16
DA:171,20
DA:172,11
DA:175,20
DA:176,1
DA:179,20
DA:180,4
DA:183,20
DA:193,131
DA:194,72
DA:197,131
DA:198,108
DA:201,131
DA:202,6
DA:205,131
DA:206,1
DA:214,65
DA:230,1
DA:231,0
DA:232,0
DA:233,0
DA:236,1
DA:237,1
DA:238,0
DA:240,0
DA:242,0
DA:257,3
DA:258,35
DA:261,15
DA:262,15
DA:266,1006
DA:267,1006
DA:271,5
DA:272,5
DA:276,1
DA:277,1
DA:281,6
DA:282,6
DA:286,1
DA:287,1
DA:291,7
DA:292,7
DA:296,10
DA:297,10
DA:301,7
DA:302,7
DA:306,36
DA:313,3
DA:314,23
LF:91
LH:85
BRDA:46,0,0,8340
BRDA:47,1,0,33
BRDA:60,2,0,9
BRDA:65,3,0,1
BRDA:70,4,0,1
BRDA:74,5,0,9
BRDA:85,6,0,6
BRDA:89,7,0,1
BRDA:100,8,0,1
BRDA:104,9,0,1
BRDA:116,10,0,3
BRDA:121,11,0,1
BRDA:126,12,0,4
BRDA:137,13,0,1
BRDA:149,14,0,6
BRDA:149,14,1,5
BRDA:149,14,2,4
BRDA:149,14,3,3
BRDA:149,14,4,2
BRDA:149,14,5,2
BRDA:149,14,6,2
BRDA:166,15,0,11
BRDA:171,16,0,11
BRDA:175,17,0,1
BRDA:179,18,0,4
BRDA:193,19,0,72
BRDA:197,20,0,54
BRDA:201,21,0,3
BRDA:205,22,0,1
BRDA:213,23,0,12
BRF:30
BRH:30
end_of_record
TN:
SF:src/fields/index.ts
FNF:0
FNH:0
DA:2,1
DA:3,1
DA:4,1
DA:5,1
LF:4
LH:4
BRF:0
BRH:0
end_of_record
TN:
SF:src/fields/registry.ts
FN:7,(anonymous_0)
FN:25,(anonymous_1)
FN:77,(anonymous_2)
FN:84,(anonymous_3)
FN:91,(anonymous_4)
FN:98,(anonymous_5)
FN:105,(anonymous_6)
FN:112,(anonymous_7)
FN:119,(anonymous_8)
FN:126,(anonymous_9)
FN:147,(anonymous_10)
FN:156,(anonymous_11)
FN:158,(anonymous_12)
FN:168,(anonymous_13)
FN:199,(anonymous_14)
FN:201,(anonymous_15)
FN:216,(anonymous_16)
FN:224,(anonymous_17)
FN:226,(anonymous_18)
FNF:19
FNH:19
FNDA:16,(anonymous_0)
FNDA:2193,(anonymous_1)
FNDA:10,(anonymous_2)
FNDA:17,(anonymous_3)
FNDA:11,(anonymous_4)
FNDA:7,(anonymous_5)
FNDA:3,(anonymous_6)
FNDA:5,(anonymous_7)
FNDA:3,(anonymous_8)
FNDA:1106,(anonymous_9)
FNDA:130,(anonymous_10)
FNDA:6,(anonymous_11)
FNDA:12,(anonymous_12)
FNDA:2189,(anonymous_13)
FNDA:1107,(anonymous_14)
FNDA:1111,(anonymous_15)
FNDA:2,(anonymous_16)
FNDA:2,(anonymous_17)
FNDA:2,(anonymous_18)
DA:1,3
DA:6,3
DA:7,16
DA:8,16
DA:9,16
DA:17,3
DA:18,3
DA:19,3
DA:20,3
DA:29,2193
DA:32,2193
DA:33,2
DA:40,2189
DA:43,2178
DA:46,2178
DA:47,2178
DA:48,1172
DA:52,2178
DA:53,2
DA:57,2178
DA:58,1
DA:61,2178
DA:64,2178
DA:78,10
DA:85,17
DA:92,11
DA:99,7
DA:106,3
DA:113,5
DA:120,3
DA:127,1106
DA:128,1106
DA:129,1
DA:133,1105
DA:136,1105
DA:139,1105
DA:141,1105
DA:148,130
DA:149,130
DA:150,130
DA:157,6
DA:158,6
DA:159,12
DA:169,2189
DA:170,3
DA:173,2186
DA:174,2
DA:177,2184
DA:178,2
DA:183,2182
DA:184,2
DA:187,2180
DA:188,1
DA:191,2179
DA:192,1
DA:200,1107
DA:201,1112
DA:202,1112
DA:203,1107
DA:206,1107
DA:207,1107
DA:221,2
DA:224,2
DA:226,2
LF:64
LH:64
BRDA:27,0,0,2190
BRDA:29,1,0,2191
BRDA:29,2,0,2192
BRDA:32,3,0,2
BRDA:32,4,0,2193
BRDA:32,4,1,4
BRDA:46,5,0,2178
BRDA:46,5,1,2106
BRDA:47,6,0,1172
BRDA:52,7,0,2
BRDA:57,8,0,1
BRDA:92,9,0,11
BRDA:92,9,1,3
BRDA:128,10,0,1
BRDA:159,11,0,12
BRDA:159,11,1,9
BRDA:159,11,2,8
BRDA:169,12,0,3
BRDA:173,13,0,2
BRDA:173,14,0,2186
BRDA:173,14,1,2185
BRDA:177,15,0,2
BRDA:183,16,0,2
BRDA:187,17,0,1
BRDA:191,18,0,1
BRDA:202,19,0,1107
BRDA:206,20,0,1107
BRF:27
BRH:27
end_of_record
TN:
SF:src/schema/registry.ts
FN:6,(anonymous_0)
FN:15,(anonymous_1)
FN:21,(anonymous_2)
FN:30,(anonymous_3)
FN:34,(anonymous_4)
FN:38,(anonymous_5)
FN:42,(anonymous_6)
FN:46,(anonymous_7)
FN:50,(anonymous_8)
FNF:9
FNH:0
FNDA:0,(anonymous_0)
FNDA:0,(anonymous_1)
FNDA:0,(anonymous_2)
FNDA:0,(anonymous_3)
FNDA:0,(anonymous_4)
FNDA:0,(anonymous_5)
FNDA:0,(anonymous_6)
FNDA:0,(anonymous_7)
FNDA:0,(anonymous_8)
DA:4,0
DA:7,0
DA:8,0
DA:11,0
DA:16,0
DA:17,0
DA:22,0
DA:23,0
DA:24,0
DA:26,0
DA:31,0
DA:35,0
DA:39,0
DA:43,0
DA:47,0
DA:51,0
LF:16
LH:0
BRDA:7,0,0,0
BRDA:7,0,1,0
BRDA:31,1,0,0
BRDA:31,1,1,0
BRF:4
BRH:0
end_of_record
TN:
SF:src/security/rate-limiter.ts
FN:16,(anonymous_0)
FN:22,(anonymous_1)
FN:48,(anonymous_2)
FN:59,(anonymous_3)
FNF:4
FNH:0
FNDA:0,(anonymous_0)
FNDA:0,(anonymous_1)
FNDA:0,(anonymous_2)
FNDA:0,(anonymous_3)
DA:10,0
DA:11,0
DA:17,0
DA:26,0
DA:30,0
DA:31,0
DA:33,0
DA:35,0
DA:37,0
DA:38,0
DA:41,0
DA:42,0
DA:45,0
DA:49,0
DA:50,0
DA:52,0
DA:53,0
DA:54,0
DA:60,0
DA:61,0
DA:63,0
DA:65,0
DA:66,0
DA:69,0
LF:24
LH:0
BRDA:16,0,0,0
BRDA:26,1,0,0
BRDA:26,1,1,0
BRDA:35,2,0,0
BRDA:35,3,0,0
BRDA:35,3,1,0
BRDA:41,4,0,0
BRDA:53,5,0,0
BRDA:65,6,0,0
BRDA:65,7,0,0
BRDA:65,7,1,0
BRF:11
BRH:0
end_of_record
TN:
SF:src/security/validation.ts
FN:12,(anonymous_0)
FN:42,(anonymous_1)
FN:66,(anonymous_2)
FN:118,(anonymous_3)
FN:132,(anonymous_4)
FN:156,(anonymous_5)
FN:179,(anonymous_6)
FN:197,(anonymous_7)
FN:233,(anonymous_8)
FN:273,(anonymous_9)
FN:294,(anonymous_10)
FNF:11
FNH:0
FNDA:0,(anonymous_0)
FNDA:0,(anonymous_1)
FNDA:0,(anonymous_2)
FNDA:0,(anonymous_3)
FNDA:0,(anonymous_4)
FNDA:0,(anonymous_5)
FNDA:0,(anonymous_6)
FNDA:0,(anonymous_7)
FNDA:0,(anonymous_8)
FNDA:0,(anonymous_9)
FNDA:0,(anonymous_10)
DA:5,0
DA:6,0
DA:7,0
DA:8,0
DA:9,0
DA:10,0
DA:13,0
DA:14,0
DA:17,0
DA:18,0
DA:21,0
DA:22,0
DA:28,0
DA:29,0
DA:36,0
DA:37,0
DA:38,0
DA:43,0
DA:44,0
DA:47,0
DA:48,0
DA:51,0
DA:52,0
DA:58,0
DA:59,0
DA:67,0
DA:68,0
DA:71,0
DA:74,0
DA:75,0
DA:76,0
DA:78,0
DA:82,0
DA:83,0
DA:84,0
DA:86,0
DA:90,0
DA:91,0
DA:92,0
DA:93,0
DA:94,0
DA:95,0
DA:96,0
DA:101,0
DA:102,0
DA:104,0
DA:106,0
DA:111,0
DA:112,0
DA:115,0
DA:119,0
DA:120,0
DA:123,0
DA:124,0
DA:125,0
DA:133,0
DA:134,0
DA:137,0
DA:138,0
DA:141,0
DA:142,0
DA:144,0
DA:145,0
DA:146,0
DA:150,0
DA:151,0
DA:155,0
DA:156,0
DA:157,0
DA:160,0
DA:163,0
DA:164,0
DA:166,0
DA:167,0
DA:169,0
DA:172,0
DA:176,0
DA:180,0
DA:181,0
DA:183,0
DA:184,0
DA:186,0
DA:187,0
DA:188,0
DA:189,0
DA:194,0
DA:198,0
DA:199,0
DA:202,0
DA:205,0
DA:206,0
DA:207,0
DA:208,0
DA:212,0
DA:213,0
DA:216,0
DA:217,0
DA:221,0
DA:222,0
DA:227,0
DA:228,0
DA:229,0
DA:234,0
DA:235,0
DA:238,0
DA:239,0
DA:242,0
DA:243,0
DA:246,0
DA:247,0
DA:251,0
DA:252,0
DA:259,0
DA:260,0
DA:264,0
DA:268,0
DA:269,0
DA:274,0
DA:275,0
DA:278,0
DA:279,0
DA:282,0
DA:283,0
DA:287,0
DA:288,0
DA:289,0
DA:293,0
DA:294,0
DA:295,0
DA:299,0
DA:300,0
DA:301,0
DA:304,0
DA:305,0
LF:134
LH:0
BRDA:13,0,0,0
BRDA:17,1,0,0
BRDA:17,2,0,0
BRDA:17,2,1,0
BRDA:21,3,0,0
BRDA:28,4,0,0
BRDA:37,5,0,0
BRDA:43,6,0,0
BRDA:47,7,0,0
BRDA:47,8,0,0
BRDA:47,8,1,0
BRDA:51,9,0,0
BRDA:58,10,0,0
BRDA:67,11,0,0
BRDA:67,12,0,0
BRDA:67,12,1,0
BRDA:74,13,0,0
BRDA:75,14,0,0
BRDA:75,15,0,0
BRDA:75,15,1,0
BRDA:82,16,0,0
BRDA:83,17,0,0
BRDA:83,18,0,0
BRDA:83,18,1,0
BRDA:90,19,0,0
BRDA:91,20,0,0
BRDA:91,20,1,0
BRDA:94,21,0,0
BRDA:94,21,1,0
BRDA:95,22,0,0
BRDA:111,23,0,0
BRDA:119,24,0,0
BRDA:124,25,0,0
BRDA:133,26,0,0
BRDA:133,27,0,0
BRDA:133,27,1,0
BRDA:133,27,2,0
BRDA:145,28,0,0
BRDA:145,29,0,0
BRDA:145,29,1,0
BRDA:150,30,0,0
BRDA:156,31,0,0
BRDA:156,32,0,0
BRDA:156,32,1,0
BRDA:163,33,0,0
BRDA:163,33,1,0
BRDA:163,34,0,0
BRDA:163,34,1,0
BRDA:163,34,2,0
BRDA:163,34,3,0
BRDA:164,35,0,0
BRDA:164,35,1,0
BRDA:167,36,0,0
BRDA:184,37,0,0
BRDA:186,38,0,0
BRDA:186,38,1,0
BRDA:186,39,0,0
BRDA:186,39,1,0
BRDA:188,40,0,0
BRDA:188,41,0,0
BRDA:188,41,1,0
BRDA:198,42,0,0
BRDA:198,43,0,0
BRDA:198,43,1,0
BRDA:198,43,2,0
BRDA:207,44,0,0
BRDA:212,45,0,0
BRDA:212,46,0,0
BRDA:212,46,1,0
BRDA:216,47,0,0
BRDA:221,48,0,0
BRDA:228,49,0,0
BRDA:234,50,0,0
BRDA:238,51,0,0
BRDA:238,52,0,0
BRDA:238,52,1,0
BRDA:242,53,0,0
BRDA:246,54,0,0
BRDA:251,55,0,0
BRDA:259,56,0,0
BRDA:268,57,0,0
BRDA:274,58,0,0
BRDA:278,59,0,0
BRDA:278,60,0,0
BRDA:278,60,1,0
BRDA:282,61,0,0
BRDA:288,62,0,0
BRDA:294,63,0,0
BRDA:300,64,0,0
BRDA:304,65,0,0
BRF:90
BRH:0
end_of_record
TN:
SF:src/types/index.ts
FN:53,(anonymous_0)
FN:54,(anonymous_1)
FNF:2
FNH:0
FNDA:0,(anonymous_0)
FNDA:0,(anonymous_1)
DA:23,0
DA:48,0
DA:53,0
DA:54,0
DA:59,0
LF:5
LH:0
BRF:0
BRH:0
end_of_record
TN:
SF:src/utils/id-generator.ts
FN:13,(anonymous_0)
FN:18,(anonymous_1)
FN:55,(anonymous_2)
FN:73,(anonymous_3)
FN:82,(anonymous_4)
FNF:5
FNH:0
FNDA:0,(anonymous_0)
FNDA:0,(anonymous_1)
FNDA:0,(anonymous_2)
FNDA:0,(anonymous_3)
FNDA:0,(anonymous_4)
DA:10,0
DA:15,0
DA:23,0
DA:25,0
DA:27,0
DA:28,0
DA:31,0
DA:33,0
DA:34,0
DA:38,0
DA:41,0
DA:42,0
DA:45,0
DA:46,0
DA:50,0
DA:52,0
DA:57,0
DA:60,0
DA:61,0
DA:63,0
DA:64,0
DA:74,0
DA:75,0
DA:79,0
DA:83,0
LF:25
LH:0
BRDA:18,0,0,0
BRDA:20,1,0,0
BRDA:21,2,0,0
BRDA:22,3,0,0
BRDA:27,4,0,0
BRDA:31,5,0,0
BRDA:74,6,0,0
BRDA:74,7,0,0
BRDA:74,7,1,0
BRDA:79,8,0,0
BRDA:79,8,1,0
BRF:11
BRH:0
end_of_record
TN:
SF:src/validation/validator.ts
FN:6,(anonymous_0)
FN:8,(anonymous_1)
FN:48,(anonymous_2)
FN:64,(anonymous_3)
FN:76,(anonymous_4)
FN:79,(anonymous_5)
FN:114,(anonymous_6)
FN:115,(anonymous_7)
FNF:8
FNH:0
FNDA:0,(anonymous_0)
FNDA:0,(anonymous_1)
FNDA:0,(anonymous_2)
FNDA:0,(anonymous_3)
FNDA:0,(anonymous_4)
FNDA:0,(anonymous_5)
FNDA:0,(anonymous_6)
FNDA:0,(anonymous_7)
DA:6,0
DA:9,0
DA:10,0
DA:11,0
DA:21,0
DA:22,0
DA:23,0
DA:25,0
DA:30,0
DA:31,0
DA:37,0
DA:49,0
DA:51,0
DA:52,0
DA:54,0
DA:55,0
DA:58,0
DA:61,0
DA:65,0
DA:67,0
DA:70,0
DA:73,0
DA:76,0
DA:77,0
DA:78,0
DA:79,0
DA:82,0
DA:83,0
DA:85,0
DA:86,0
DA:89,0
DA:90,0
DA:92,0
DA:93,0
DA:94,0
DA:95,0
DA:96,0
DA:97,0
DA:99,0
DA:101,0
DA:104,0
DA:107,0
DA:110,0
DA:115,0
LF:44
LH:0
BRDA:10,0,0,0
BRDA:30,1,0,0
BRDA:54,2,0,0
BRDA:65,3,0,0
BRDA:65,3,1,0
BRDA:65,3,2,0
BRDA:65,3,3,0
BRDA:65,3,4,0
BRDA:65,3,5,0
BRDA:65,3,6,0
BRDA:65,3,7,0
BRDA:65,3,8,0
BRDA:82,4,0,0
BRDA:89,5,0,0
BRDA:96,6,0,0
BRDA:116,7,0,0
BRDA:116,7,1,0
BRF:17
BRH:0
end_of_record
